<?xml version="1.0" encoding="UTF-8"?>
<!-- Generated by org.testng.reporters.JUnitXMLReporter -->
<testsuite hostname="DESKTOP-3V1LPDJ" ignored="0" name="loginFunctionality" tests="2" failures="0" timestamp="09 Feb 2019 06:02:06 GMT" time="187.399" errors="0">
  <testcase name="navigateToRegister" time="9.491" classname="com.getIntValue_FromExcel.NewToursRegistration_Validation"/>
  <testcase name="newToursRegisterFunction" time="69.537" classname="com.getIntValue_FromExcel.NewToursRegistration_Validation"/>
</testsuite> <!-- loginFunctionality -->
