<?xml version="1.0" encoding="UTF-8"?>
<testng-results skipped="0" failed="0" ignored="0" total="1" passed="1">
  <reporter-output>
  </reporter-output>
  <suite name="Default suite" duration-ms="144097" started-at="2019-02-08T07:01:33Z" finished-at="2019-02-08T07:03:57Z">
    <groups>
    </groups>
    <test name="Default test" duration-ms="144097" started-at="2019-02-08T07:01:33Z" finished-at="2019-02-08T07:03:57Z">
      <class name="pom.NewTours.NewToursHomePageTest">
        <test-method status="PASS" signature="setUp()[pri:0, instance:pom.NewTours.NewToursHomePageTest@26be92ad]" name="setUp" is-config="true" duration-ms="39736" started-at="2019-02-08T07:01:33Z" finished-at="2019-02-08T07:02:12Z">
          <reporter-output>
          </reporter-output>
        </test-method> <!-- setUp -->
        <test-method status="PASS" signature="homePageTest()[pri:0, instance:pom.NewTours.NewToursHomePageTest@26be92ad]" name="homePageTest" duration-ms="104295" started-at="2019-02-08T07:02:12Z" finished-at="2019-02-08T07:03:57Z">
          <reporter-output>
          </reporter-output>
        </test-method> <!-- homePageTest -->
      </class> <!-- pom.NewTours.NewToursHomePageTest -->
    </test> <!-- Default test -->
  </suite> <!-- Default suite -->
</testng-results>
